\BOOKMARK [1][-]{section.1}{\376\377\210\114\122\027\137\017}{}% 1
\BOOKMARK [2][-]{subsection.1.1}{\376\377\116\214\226\066\116\016\116\011\226\066\210\114\122\027\137\017}{section.1}% 2
\BOOKMARK [2][-]{subsection.1.2}{\376\377\000n\226\066\210\114\122\027\137\017}{section.1}% 3
\BOOKMARK [1][-]{section.2}{\376\377\167\351\226\065\377\014\124\021\221\317}{}% 4
\BOOKMARK [2][-]{subsection.2.1}{\376\377\167\351\226\065\124\214\000n\176\364\124\021\221\317\166\204\151\202\137\365}{section.2}% 5
\BOOKMARK [2][-]{subsection.2.2}{\376\377\167\351\226\065\217\320\173\227}{section.2}% 6
\BOOKMARK [2][-]{subsection.2.3}{\376\377\122\006\127\127\167\351\226\065}{section.2}% 7
\BOOKMARK [2][-]{subsection.2.4}{\376\377\122\035\173\111\123\330\143\142\116\016\122\035\173\111\167\351\226\065}{section.2}% 8
\BOOKMARK [2][-]{subsection.2.5}{\376\377\167\351\226\065\166\204\171\351}{section.2}% 9
\BOOKMARK [2][-]{subsection.2.6}{\376\377\123\357\220\006\167\351\226\065\116\016\117\064\226\217\167\351\226\065}{section.2}% 10
\BOOKMARK [2][-]{subsection.2.7}{\376\377\124\021\221\317\176\304\166\204\176\277\140\047\166\370\121\163\116\016\176\277\140\047\145\340\121\163}{section.2}% 11
\BOOKMARK [1][-]{section.3}{\376\377\176\277\140\047\145\271\172\013\176\304\211\343\166\204\176\323\147\204}{}% 12
\BOOKMARK [2][-]{subsection.3.1}{\376\377\232\330\145\257\155\210\121\103\154\325\116\016\167\351\226\065\166\204\210\114\123\330\143\142}{section.3}% 13
\BOOKMARK [2][-]{subsection.3.2}{\376\377\176\277\140\047\145\271\172\013\176\304\166\204\123\357\211\343\140\047}{section.3}% 14
\BOOKMARK [2][-]{subsection.3.3}{\376\377\176\277\140\047\145\271\172\013\176\304\211\343\166\204\140\047\215\050\116\016\176\323\147\204}{section.3}% 15
\BOOKMARK [1][-]{section.4}{\376\377\167\351\226\065\166\204\162\171\137\201\120\074\116\016\162\171\137\201\124\021\221\317}{}% 16
\BOOKMARK [2][-]{subsection.4.1}{\376\377\166\370\117\074\167\351\226\065}{section.4}% 17
\BOOKMARK [2][-]{subsection.4.2}{\376\377\162\171\137\201\120\074\116\016\162\171\137\201\124\021\221\317}{section.4}% 18
\BOOKMARK [2][-]{subsection.4.3}{\376\377\167\351\226\065\123\357\133\371\211\322\123\026\166\204\147\141\116\366}{section.4}% 19
\BOOKMARK [2][-]{subsection.4.4}{\376\377\153\143\116\244\167\351\226\065\116\016\145\275\133\306\162\171\153\143\116\244\123\026\145\271\154\325}{section.4}% 20
\BOOKMARK [2][-]{subsection.4.5}{\376\377\133\236\133\371\171\360\167\351\226\065\166\204\133\371\211\322\123\026}{section.4}% 21
\BOOKMARK [1][-]{section.5}{\376\377\133\236\116\214\153\041\127\213}{}% 22
\BOOKMARK [2][-]{subsection.5.1}{\376\377\116\214\153\041\127\213\166\204\123\026\173\200}{section.5}% 23
\BOOKMARK [2][-]{subsection.5.2}{\376\377\153\143\133\232\116\214\153\041\127\213}{section.5}% 24
\BOOKMARK [1][-]{section.6}{\376\377\176\277\140\047\172\172\225\364\116\016\176\277\140\047\123\330\143\142}{}% 25
\BOOKMARK [2][-]{subsection.6.1}{\376\377\176\277\140\047\172\172\225\364\166\204\133\232\116\111}{section.6}% 26
